c:\users\dell 7510\desktop\code_xla\code_all\kinectv2\x64\release\vtklibrary.pch
c:\users\dell 7510\desktop\code_xla\code_all\kinectv2\x64\release\vc142.pdb
c:\users\dell 7510\desktop\code_xla\code_all\kinectv2\x64\release\stdafx.obj
c:\users\dell 7510\desktop\code_xla\code_all\kinectv2\x64\release\vtkransacplane.obj
c:\users\dell 7510\desktop\code_xla\code_all\kinectv2\x64\release\vtklibrary.obj
c:\users\dell 7510\desktop\code_xla\code_all\kinectv2\x64\release\assemblyinfo.obj
c:\users\dell 7510\desktop\code_xla\code_all\kinectv2\x64\release\.netframework,version=v4.6.1.assemblyattributes.obj
c:\users\dell 7510\desktop\code_xla\code_all\x64\release\vtklibrary.dll
c:\users\dell 7510\desktop\code_xla\code_all\x64\release\vtklibrary.pdb
c:\users\dell 7510\desktop\code_xla\code_all\kinectv2\x64\release\vtklibrary.tlog\metagen.write.1.tlog
c:\users\dell 7510\desktop\code_xla\code_all\kinectv2\x64\release\app.res
c:\users\dell 7510\desktop\code_xla\code_all\kinectv2\x64\release\vtklibrary.tlog\cl.command.1.tlog
c:\users\dell 7510\desktop\code_xla\code_all\kinectv2\x64\release\vtklibrary.tlog\cl.read.1.tlog
c:\users\dell 7510\desktop\code_xla\code_all\kinectv2\x64\release\vtklibrary.tlog\cl.write.1.tlog
c:\users\dell 7510\desktop\code_xla\code_all\kinectv2\x64\release\vtklibrary.tlog\link.command.1.tlog
c:\users\dell 7510\desktop\code_xla\code_all\kinectv2\x64\release\vtklibrary.tlog\link.read.1.tlog
c:\users\dell 7510\desktop\code_xla\code_all\kinectv2\x64\release\vtklibrary.tlog\link.write.1.tlog
c:\users\dell 7510\desktop\code_xla\code_all\kinectv2\x64\release\vtklibrary.tlog\metagen.read.1.tlog
c:\users\dell 7510\desktop\code_xla\code_all\kinectv2\x64\release\vtklibrary.tlog\rc.command.1.tlog
c:\users\dell 7510\desktop\code_xla\code_all\kinectv2\x64\release\vtklibrary.tlog\rc.read.1.tlog
c:\users\dell 7510\desktop\code_xla\code_all\kinectv2\x64\release\vtklibrary.tlog\rc.write.1.tlog
c:\users\dell 7510\desktop\code_xla\code_all\kinectv2\x64\release\vtklibrary.tlog\kitware.mummy.runtime.dll.metagen
c:\users\dell 7510\desktop\code_xla\code_all\kinectv2\x64\release\vtklibrary.tlog\kitware.vtk.dll.metagen
